hlcsg v3.4 VL34 64-bit (Aug 17 2015)
Zoner's Half-Life Compilation Tools -- Custom Build
Based on code modifications by Sean 'Zoner' Cavanaugh
Based on Valve's version, modified with permission.
Submit detailed bug reports to (vluzacn@163.com)
-----  BEGIN  hlcsg -----
Command line: F:\apps\jack\compiler\hlcsg_x64.exe F:\games\STEAMLIBRARY\steamapps\common\Half-Life\fuckyou\maps\bhop -nowadtextures -console 0 
Arguments: F:\games\STEAMLIBRARY\steamapps\common\Half-Life\fuckyou\maps\bhop -nowadtextures -console 0 -low -wadautodetect 
Entering F:\games\STEAMLIBRARY\steamapps\common\Half-Life\fuckyou\maps\bhop.map

Current hlcsg Settings
Name                 |  Setting  |  Default
---------------------|-----------|-------------------------
threads               [       4 ] [  Varies ]
verbose               [     off ] [     off ]
log                   [      on ] [      on ]
reset logfile         [      on ] [      on ]
developer             [       0 ] [       0 ]
chart                 [     off ] [     off ]
estimate              [     off ] [     off ]
max texture memory    [ 33554432 ] [ 33554432 ]
max lighting memory   [ 50331648 ] [ 50331648 ]
priority              [     Low ] [  Normal ]

noclip                [     off ] [     off ]
null texture stripping[      on ] [      on ]
clipnode economy mode [     off ] [     off ]
clip hull type        [  simple ] [  simple ]
onlyents              [     off ] [     off ]
wadtextures           [     off ] [      on ]
skyclip               [      on ] [      on ]
hullfile              [    None ] [    None ]
wad configuration file[    None ] [    None ]
wad.cfg group name    [    None ] [    None ]
nullfile              [    None ] [    None ]
nullify trigger       [      on ] [      on ]
min surface area      [   0.000 ] [   0.000 ]
brush union threshold [   0.000 ] [   0.000 ]
map scaling           [    None ] [    None ]
light name optimize   [      on ] [      on ]
convert game_text     [      on ] [      on ]

Using mapfile wad configuration
Wadfiles not in use by the map will be excluded
Wadinclude list :
[zhlt.wad]

CreateBrush:
 (0.01 seconds)
CSGBrush:
 (0.02 seconds)

Including Wadfile: /games/STEAMLIBRARY/steamapps/common/Half-Life/valve/halflife.wad
 - Contains 2 used textures, 100.00 percent of map (3116 textures in wad)

Wad files required to run the map: (None)
Texture usage is at 0.02 mb (of 32.00 mb MAX)
0.11 seconds elapsed

-----   END   hlcsg -----



hlbsp v3.4 VL34 64-bit (Aug 17 2015)
Zoner's Half-Life Compilation Tools -- Custom Build
Based on code modifications by Sean 'Zoner' Cavanaugh
Based on Valve's version, modified with permission.
Submit detailed bug reports to (vluzacn@163.com)
-----  BEGIN  hlbsp -----
Command line: F:\apps\jack\compiler\hlbsp_x64.exe F:\games\STEAMLIBRARY\steamapps\common\Half-Life\fuckyou\maps\bhop -chart -console 0 
Arguments: F:\games\STEAMLIBRARY\steamapps\common\Half-Life\fuckyou\maps\bhop -chart -console 0 -low 

Current hlbsp Settings
Name               |  Setting  |  Default
-------------------|-----------|-------------------------
threads             [       4 ] [  Varies ]
verbose             [     off ] [     off ]
log                 [      on ] [      on ]
developer           [       0 ] [       0 ]
chart               [      on ] [     off ]
estimate            [     off ] [     off ]
max texture memory  [ 33554432 ] [ 33554432 ]
priority            [     Low ] [  Normal ]

noclip              [     off ] [     off ]
nofill              [     off ] [     off ]
noinsidefill        [     off ] [     off ]
noopt               [     off ] [     off ]
no clipnode merging [     off ] [     off ]
null tex. stripping [      on ] [      on ]
notjunc             [     off ] [     off ]
nobrink             [     off ] [     off ]
subdivide size      [     240 ] [     240 ] (Min 64) (Max 512)
max node size       [    1024 ] [    1024 ] (Min 64) (Max 65536)
remove hull 2       [     off ] [     off ]


SolidBSP [hull 0] 19 (0.00 seconds)
BSP generation successful, writing portal file 'F:\games\STEAMLIBRARY\steamapps\common\Half-Life\fuckyou\maps\bhop.prt'
SolidBSP [hull 1] 20 (0.00 seconds)
SolidBSP [hull 2] 20 (0.01 seconds)
SolidBSP [hull 3] 20 (0.00 seconds)
Reduced 90 clipnodes to 90
Reduced 7 texinfos to 5
Reduced 2 texdatas to 2 (23736 bytes to 23736)
Reduced 134 planes to 56
FixBrinks:
Increased 90 clipnodes to 90.

Object names  Objects/Maxobjs  Memory / Maxmem  Fullness
------------  ---------------  ---------------  --------
models              5/512          320/32768    ( 1.0%)
planes             56/32768       1120/655360   ( 0.2%)
vertexes          153/65535       1836/786420   ( 0.2%)
nodes              39/32767        936/786408   ( 0.1%)
texinfos            5/32767        200/1310680  ( 0.0%)
faces             131/65535       2620/1310700  ( 0.2%)
* worldfaces      131/32768          0/0        ( 0.4%)
clipnodes          90/32767        720/262136   ( 0.3%)
leaves             31/32760        868/917280   ( 0.1%)
* worldleaves       6/8192           0/0        ( 0.1%)
marksurfaces      134/65535        268/131070   ( 0.2%)
surfedges         629/512000      2516/2048000  ( 0.1%)
edges             328/256000      1312/1024000  ( 0.1%)
texdata          [variable]      23736/33554432 ( 0.1%)
lightdata        [variable]          0/50331648 ( 0.0%)
visdata          [variable]          0/8388608  ( 0.0%)
entdata          [variable]       1827/2097152  ( 0.1%)
* AllocBlock        2/64             0/0        ( 3.1%)
2 textures referenced
=== Total BSP file data space used: 38279 bytes ===
Wad files required to run the map: (None)
0.08 seconds elapsed

-----   END   hlbsp -----



hlvis v3.4 VL34 64-bit (Aug 17 2015)
Zoner's Half-Life Compilation Tools -- Custom Build
Based on code modifications by Sean 'Zoner' Cavanaugh
Based on Valve's version, modified with permission.
Submit detailed bug reports to (vluzacn@163.com)
-----  BEGIN  hlvis -----
Command line: F:\apps\jack\compiler\hlvis_x64.exe F:\games\STEAMLIBRARY\steamapps\common\Half-Life\fuckyou\maps\bhop -console 0 
Arguments: F:\games\STEAMLIBRARY\steamapps\common\Half-Life\fuckyou\maps\bhop -console 0 -low 
   6 portalleafs
   7 numportals

-= Current hlvis Settings =-
Name               |  Setting  |  Default
-------------------|-----------|-------------------------
threads             [       4 ] [  Varies ]
verbose             [     off ] [     off ]
log                 [      on ] [      on ]
developer           [       0 ] [       0 ]
chart               [     off ] [     off ]
estimate            [     off ] [     off ]
max texture memory  [ 33554432 ] [ 33554432 ]
max vis distance    [       0 ] [       0 ]
priority            [     Low ] [  Normal ]

fast vis            [     off ] [     off ]
full vis            [     off ] [     off ]


BasePortalVis:
 (0.00 seconds)
LeafThread:
 (0.00 seconds)
average leafs visible: 4
g_visdatasize:6  compressed from 6
0.01 seconds elapsed

-----   END   hlvis -----



hlrad v3.4 VL34 64-bit (Aug 17 2015)
Zoner's Half-Life Compilation Tools -- Custom Build
Based on code modifications by Sean 'Zoner' Cavanaugh
Based on Valve's version, modified with permission.
Submit detailed bug reports to (vluzacn@163.com)
-----  BEGIN  hlrad -----
Command line: F:\apps\jack\compiler\hlrad_x64.exe F:\games\STEAMLIBRARY\steamapps\common\Half-Life\fuckyou\maps\bhop -chart -console 0 
Arguments: F:\games\STEAMLIBRARY\steamapps\common\Half-Life\fuckyou\maps\bhop -chart -console 0 -low 

-= Current hlrad Settings =-
Name                | Setting             | Default
--------------------|---------------------|-------------------------
threads              [                 4 ] [            Varies ]
verbose              [               off ] [               off ]
log                  [                on ] [                on ]
developer            [                 0 ] [                 0 ]
chart                [                on ] [               off ]
estimate             [               off ] [               off ]
max texture memory   [          33554432 ] [          33554432 ]
max lighting memory  [          50331648 ] [          50331648 ]
priority             [               Low ] [            Normal ]

fast rad             [               off ] [               off ]
vismatrix algorithm  [            Sparse ] [            Sparse ]
oversampling (-extra)[               off ] [               off ]
bounces              [                 8 ] [                 8 ]
ambient light        [ 0.000 0.000 0.000 ] [ 0.000 0.000 0.000 ]
light limit threshold[           188.000 ] [           188.000 ]
circus mode          [               off ] [               off ]

smoothing threshold  [            50.000 ] [            50.000 ]
smoothing threshold 2[         no change ] [         no change ]
direct threshold     [            10.000 ] [            10.000 ]
direct light scale   [             1.000 ] [             1.000 ]
coring threshold     [             0.010 ] [             0.010 ]
patch interpolation  [                on ] [                on ]

texscale             [                on ] [                on ]
patch subdividing    [                on ] [                on ]
chop value           [            64.000 ] [            64.000 ]
texchop value        [            32.000 ] [            32.000 ]

global fade          [             1.000 ] [             1.000 ]
global texlight gap  [             0.000 ] [             0.000 ]
global light scale   [ 2.000 2.000 2.000 ] [ 2.000 2.000 2.000 ]
global gamma         [ 0.550 0.550 0.550 ] [ 0.550 0.550 0.550 ]
global light scale   [             2.000 ] [             2.000 ]
global sky diffusion [             1.000 ] [             1.000 ]

spread angles        [                on ] [                on ]
opaque entities      [                on ] [                on ]
sky lighting fix     [                on ] [                on ]
incremental          [               off ] [               off ]
dump                 [               off ] [               off ]

colour jitter        [       0.0 0.0 0.0 ] [       0.0 0.0 0.0 ]
monochromatic jitter [       0.0 0.0 0.0 ] [       0.0 0.0 0.0 ]

custom shadows with bounce light
                     [               off ] [               off ]
rgb transfers        [               off ] [               off ]
minimum final light  [                 0 ] [                 0 ]
size of transfer     [         1 (16bit) ] [         1 (16bit) ]
size of rgbtransfer  [         2 (32bit) ] [         2 (32bit) ]
soft sky             [                on ] [                on ]
translucent depth    [             2.000 ] [             2.000 ]
block opaque         [                on ] [                on ]
ignore textures      [               off ] [               off ]
reflectivity gamma   [             1.760 ] [             1.760 ]
reflectivity scale   [             0.700 ] [             0.700 ]
blur size            [             1.500 ] [             1.500 ]
no emitter range     [               off ] [               off ]
wall bleeding fix    [                on ] [                on ]


Load Textures:
2 textures referenced
Reading texlights from 'F:\apps\jack\compiler\lights.rad'
0 opaque models
0 opaque faces
131 faces
Create Patches : 1369 base patches
28900 square feet [4161600.00 square inches]
1 direct lights and 16386 fast direct lights
1 light styles

FindFacePositions:
 (0.27 seconds)
BuildFacelights:
 (1.42 seconds)
BuildVisLeafs:
 (0.17 seconds)
visibility matrix   :   0.5 megs
MakeScales:
 (0.13 seconds)
Transfer Lists :           0 transfers
       Indices :           0 bytes
          Data :           0 bytes
Bounce 1 GatherLight:
 (0.00 seconds)
Bounce 2 GatherLight:
 (0.00 seconds)
Bounce 3 GatherLight:
 (0.00 seconds)
Bounce 4 GatherLight:
 (0.00 seconds)
Bounce 5 GatherLight:
 (0.00 seconds)
Bounce 6 GatherLight:
 (0.00 seconds)
Bounce 7 GatherLight:
 (0.00 seconds)
Bounce 8 GatherLight:
 (0.00 seconds)
CreateTriangulations:
 (0.03 seconds)
AddPatchLights:
 (1.29 seconds)
FinalLightFace:
 (0.00 seconds)

Object names  Objects/Maxobjs  Memory / Maxmem  Fullness
------------  ---------------  ---------------  --------
models              5/512          320/32768    ( 1.0%)
planes             56/32768       1120/655360   ( 0.2%)
vertexes          153/65535       1836/786420   ( 0.2%)
nodes              39/32767        936/786408   ( 0.1%)
texinfos            5/32767        200/1310680  ( 0.0%)
faces             131/65535       2620/1310700  ( 0.2%)
* worldfaces      131/32768          0/0        ( 0.4%)
clipnodes          90/32767        720/262136   ( 0.3%)
leaves             31/32760        868/917280   ( 0.1%)
* worldleaves       6/8192           0/0        ( 0.1%)
marksurfaces      134/65535        268/131070   ( 0.2%)
surfedges         629/512000      2516/2048000  ( 0.1%)
edges             328/256000      1312/1024000  ( 0.1%)
texdata          [variable]      23736/33554432 ( 0.1%)
lightdata        [variable]      61005/50331648 ( 0.1%)
visdata          [variable]          6/8388608  ( 0.0%)
entdata          [variable]       1827/2097152  ( 0.1%)
* AllocBlock        2/64             0/0        ( 3.1%)
2 textures referenced
=== Total BSP file data space used: 99290 bytes ===
Wad files required to run the map: (None)
3.54 seconds elapsed

-----   END   hlrad -----



