18
36
1
1
1
1
1
1
1
1
1
1
1
1
1
1
1
1
1
1
4 0 2 (208.000000 192.000000 0.000000) (224.000000 192.000000 0.000000) (224.000000 96.000000 0.000000) (208.000000 96.000000 0.000000) 
4 0 3 (-128.000000 192.000000 0.000000) (208.000000 192.000000 0.000000) (208.000000 96.000000 0.000000) (-128.000000 96.000000 0.000000) 
4 0 1 (224.000000 192.000000 0.000000) (240.000000 192.000000 0.000000) (240.000000 96.000000 0.000000) (224.000000 96.000000 0.000000) 
4 0 17 (256.000000 96.000000 0.000000) (256.000000 -192.000000 0.000000) (-128.000000 -192.000000 0.000000) (-128.000000 96.000000 0.000000) 
4 1 2 (224.000000 96.000000 -8.000000) (224.000000 96.000000 -0.000000) (224.000000 192.000000 0.000000) (224.000000 192.000000 -8.000000) 
4 1 17 (240.000000 96.000000 0.000000) (224.000000 96.000000 0.000000) (224.000000 96.000000 -8.000000) (240.000000 96.000000 -8.000000) 
4 2 3 (208.000000 96.000000 -16.000000) (208.000000 96.000000 -0.000000) (208.000000 192.000000 0.000000) (208.000000 192.000000 -16.000000) 
4 2 17 (224.000000 96.000000 0.000000) (208.000000 96.000000 0.000000) (208.000000 96.000000 -16.000000) (224.000000 96.000000 -16.000000) 
4 3 4 (-128.000000 96.000000 -24.000000) (-128.000000 192.000000 -24.000000) (192.000000 192.000000 -24.000000) (192.000000 96.000000 -24.000000) 
4 3 17 (208.000000 96.000000 0.000000) (-128.000000 96.000000 0.000000) (-128.000000 96.000000 -24.000000) (208.000000 96.000000 -24.000000) 
4 4 5 (176.000000 96.000000 -32.000000) (160.000000 96.000000 -32.000000) (160.000000 192.000000 -32.000000) (176.000000 192.000000 -32.000000) 
4 4 6 (160.000000 96.000000 -32.000000) (-128.000000 96.000000 -32.000000) (-128.000000 192.000000 -32.000000) (160.000000 192.000000 -32.000000) 
4 4 17 (-128.000000 96.000000 -24.000000) (-128.000000 96.000000 -32.000000) (192.000000 96.000000 -32.000000) (192.000000 96.000000 -24.000000) 
4 5 6 (160.000000 192.000000 -32.000000) (160.000000 192.000000 -40.000000) (160.000000 96.000000 -40.000000) (160.000000 96.000000 -32.000000) 
4 5 17 (176.000000 96.000000 -40.000000) (176.000000 96.000000 -32.000000) (160.000000 96.000000 -32.000000) (160.000000 96.000000 -40.000000) 
4 6 7 (144.000000 96.000000 -48.000000) (-128.000000 96.000000 -48.000000) (-128.000000 192.000000 -48.000000) (144.000000 192.000000 -48.000000) 
4 6 17 (-128.000000 96.000000 -32.000000) (-128.000000 96.000000 -48.000000) (160.000000 96.000000 -48.000000) (160.000000 96.000000 -32.000000) 
4 7 8 (-128.000000 96.000000 -56.000000) (-128.000000 192.000000 -56.000000) (128.000000 192.000000 -56.000000) (128.000000 96.000000 -56.000000) 
4 7 17 (-128.000000 96.000000 -48.000000) (-128.000000 96.000000 -56.000000) (144.000000 96.000000 -56.000000) (144.000000 96.000000 -48.000000) 
4 8 9 (112.000000 96.000000 -64.000000) (-128.000000 96.000000 -64.000000) (-128.000000 192.000000 -64.000000) (112.000000 192.000000 -64.000000) 
4 8 17 (-128.000000 96.000000 -56.000000) (-128.000000 96.000000 -64.000000) (128.000000 96.000000 -64.000000) (128.000000 96.000000 -56.000000) 
4 9 10 (96.000000 96.000000 -72.000000) (-128.000000 96.000000 -72.000000) (-128.000000 192.000000 -72.000000) (96.000000 192.000000 -72.000000) 
4 9 17 (-128.000000 96.000000 -64.000000) (-128.000000 96.000000 -72.000000) (112.000000 96.000000 -72.000000) (112.000000 96.000000 -64.000000) 
4 10 11 (-128.000000 96.000000 -80.000000) (-128.000000 192.000000 -80.000000) (80.000000 192.000000 -80.000000) (80.000000 96.000000 -80.000000) 
4 10 17 (-128.000000 96.000000 -72.000000) (-128.000000 96.000000 -80.000000) (96.000000 96.000000 -80.000000) (96.000000 96.000000 -72.000000) 
4 11 12 (-128.000000 96.000000 -88.000000) (-128.000000 192.000000 -88.000000) (64.000000 192.000000 -88.000000) (64.000000 96.000000 -88.000000) 
4 11 17 (-128.000000 96.000000 -80.000000) (-128.000000 96.000000 -88.000000) (80.000000 96.000000 -88.000000) (80.000000 96.000000 -80.000000) 
4 12 13 (48.000000 96.000000 -96.000000) (-128.000000 96.000000 -96.000000) (-128.000000 192.000000 -96.000000) (48.000000 192.000000 -96.000000) 
4 12 17 (-128.000000 96.000000 -88.000000) (-128.000000 96.000000 -96.000000) (64.000000 96.000000 -96.000000) (64.000000 96.000000 -88.000000) 
4 13 14 (-128.000000 96.000000 -104.000000) (-128.000000 192.000000 -104.000000) (32.000000 192.000000 -104.000000) (32.000000 96.000000 -104.000000) 
4 13 17 (-128.000000 96.000000 -96.000000) (-128.000000 96.000000 -104.000000) (48.000000 96.000000 -104.000000) (48.000000 96.000000 -96.000000) 
4 14 15 (16.000000 96.000000 -112.000000) (-128.000000 96.000000 -112.000000) (-128.000000 192.000000 -112.000000) (16.000000 192.000000 -112.000000) 
4 14 17 (-128.000000 96.000000 -104.000000) (-128.000000 96.000000 -112.000000) (32.000000 96.000000 -112.000000) (32.000000 96.000000 -104.000000) 
4 15 16 (-128.000000 96.000000 -120.000000) (-128.000000 192.000000 -120.000000) (-0.000000 192.000000 -120.000000) (-0.000000 96.000000 -120.000000) 
4 15 17 (-128.000000 96.000000 -112.000000) (-128.000000 96.000000 -120.000000) (16.000000 96.000000 -120.000000) (16.000000 96.000000 -112.000000) 
4 16 17 (-128.000000 96.000000 -128.000000) (-0.000000 96.000000 -128.000000) (-0.000000 96.000000 -120.000000) (-128.000000 96.000000 -120.000000) 
