hlcsg v3.4 VL34 64-bit (Aug 17 2015)
Zoner's Half-Life Compilation Tools -- Custom Build
Based on code modifications by Sean 'Zoner' Cavanaugh
Based on Valve's version, modified with permission.
Submit detailed bug reports to (vluzacn@163.com)
-----  BEGIN  hlcsg -----
Command line: F:\apps\jack\compiler\hlcsg_x64.exe F:\games\STEAMLIBRARY\steamapps\common\Half-Life\fuckyou\maps\secondmap -nowadtextures -console 0 
Arguments: F:\games\STEAMLIBRARY\steamapps\common\Half-Life\fuckyou\maps\secondmap -nowadtextures -console 0 -low -wadautodetect 
Entering F:\games\STEAMLIBRARY\steamapps\common\Half-Life\fuckyou\maps\secondmap.map

Current hlcsg Settings
Name                 |  Setting  |  Default
---------------------|-----------|-------------------------
threads               [       4 ] [  Varies ]
verbose               [     off ] [     off ]
log                   [      on ] [      on ]
reset logfile         [      on ] [      on ]
developer             [       0 ] [       0 ]
chart                 [     off ] [     off ]
estimate              [     off ] [     off ]
max texture memory    [ 33554432 ] [ 33554432 ]
max lighting memory   [ 50331648 ] [ 50331648 ]
priority              [     Low ] [  Normal ]

noclip                [     off ] [     off ]
null texture stripping[      on ] [      on ]
clipnode economy mode [     off ] [     off ]
clip hull type        [  simple ] [  simple ]
onlyents              [     off ] [     off ]
wadtextures           [     off ] [      on ]
skyclip               [      on ] [      on ]
hullfile              [    None ] [    None ]
wad configuration file[    None ] [    None ]
wad.cfg group name    [    None ] [    None ]
nullfile              [    None ] [    None ]
nullify trigger       [      on ] [      on ]
min surface area      [   0.000 ] [   0.000 ]
brush union threshold [   0.000 ] [   0.000 ]
map scaling           [    None ] [    None ]
light name optimize   [      on ] [      on ]
convert game_text     [      on ] [      on ]

Using mapfile wad configuration
Wadfiles not in use by the map will be excluded
Wadinclude list :
[zhlt.wad]

CreateBrush:
 (0.01 seconds)
CSGBrush:
 (0.05 seconds)

added 2 additional animating textures.
Including Wadfile: /games/STEAMLIBRARY/steamapps/common/Half-Life/valve/halflife.wad
 - Contains 12 used textures, 100.00 percent of map (3116 textures in wad)

Wad files required to run the map: (None)
Texture usage is at 0.14 mb (of 32.00 mb MAX)
0.12 seconds elapsed

-----   END   hlcsg -----



hlbsp v3.4 VL34 64-bit (Aug 17 2015)
Zoner's Half-Life Compilation Tools -- Custom Build
Based on code modifications by Sean 'Zoner' Cavanaugh
Based on Valve's version, modified with permission.
Submit detailed bug reports to (vluzacn@163.com)
-----  BEGIN  hlbsp -----
Command line: F:\apps\jack\compiler\hlbsp_x64.exe F:\games\STEAMLIBRARY\steamapps\common\Half-Life\fuckyou\maps\secondmap -chart -console 0 
Arguments: F:\games\STEAMLIBRARY\steamapps\common\Half-Life\fuckyou\maps\secondmap -chart -console 0 -low 

Current hlbsp Settings
Name               |  Setting  |  Default
-------------------|-----------|-------------------------
threads             [       4 ] [  Varies ]
verbose             [     off ] [     off ]
log                 [      on ] [      on ]
developer           [       0 ] [       0 ]
chart               [      on ] [     off ]
estimate            [     off ] [     off ]
max texture memory  [ 33554432 ] [ 33554432 ]
priority            [     Low ] [  Normal ]

noclip              [     off ] [     off ]
nofill              [     off ] [     off ]
noinsidefill        [     off ] [     off ]
noopt               [     off ] [     off ]
no clipnode merging [     off ] [     off ]
null tex. stripping [      on ] [      on ]
notjunc             [     off ] [     off ]
nobrink             [     off ] [     off ]
subdivide size      [     240 ] [     240 ] (Min 64) (Max 512)
max node size       [    1024 ] [    1024 ] (Min 64) (Max 65536)
remove hull 2       [     off ] [     off ]


SolidBSP [hull 0] 73 (0.01 seconds)
BSP generation successful, writing portal file 'F:\games\STEAMLIBRARY\steamapps\common\Half-Life\fuckyou\maps\secondmap.prt'
SolidBSP [hull 1] 81 (0.01 seconds)
SolidBSP [hull 2] 80 (0.01 seconds)
SolidBSP [hull 3] 81 (0.01 seconds)
Reduced 224 clipnodes to 224
Reduced 50 texinfos to 39
Reduced 12 texdatas to 12 (146476 bytes to 146476)
Reduced 344 planes to 145
FixBrinks:
Increased 224 clipnodes to 224.

Object names  Objects/Maxobjs  Memory / Maxmem  Fullness
------------  ---------------  ---------------  --------
models              6/512          384/32768    ( 1.2%)
planes            145/32768       2900/655360   ( 0.4%)
vertexes          197/65535       2364/786420   ( 0.3%)
nodes              72/32767       1728/786408   ( 0.2%)
texinfos           39/32767       1560/1310680  ( 0.1%)
faces             140/65535       2800/1310700  ( 0.2%)
* worldfaces      116/32768          0/0        ( 0.4%)
clipnodes         224/32767       1792/262136   ( 0.7%)
leaves             49/32760       1372/917280   ( 0.1%)
* worldleaves      18/8192           0/0        ( 0.2%)
marksurfaces      157/65535        314/131070   ( 0.2%)
surfedges         654/512000      2616/2048000  ( 0.1%)
edges             328/256000      1312/1024000  ( 0.1%)
texdata          [variable]     146476/33554432 ( 0.4%)
lightdata        [variable]          0/50331648 ( 0.0%)
visdata          [variable]          0/8388608  ( 0.0%)
entdata          [variable]       2666/2097152  ( 0.1%)
* AllocBlock        1/64             0/0        ( 1.6%)
12 textures referenced
=== Total BSP file data space used: 168284 bytes ===
Wad files required to run the map: (None)
0.22 seconds elapsed

-----   END   hlbsp -----



hlvis v3.4 VL34 64-bit (Aug 17 2015)
Zoner's Half-Life Compilation Tools -- Custom Build
Based on code modifications by Sean 'Zoner' Cavanaugh
Based on Valve's version, modified with permission.
Submit detailed bug reports to (vluzacn@163.com)
-----  BEGIN  hlvis -----
Command line: F:\apps\jack\compiler\hlvis_x64.exe F:\games\STEAMLIBRARY\steamapps\common\Half-Life\fuckyou\maps\secondmap -console 0 
Arguments: F:\games\STEAMLIBRARY\steamapps\common\Half-Life\fuckyou\maps\secondmap -console 0 -low 
  18 portalleafs
  39 numportals

-= Current hlvis Settings =-
Name               |  Setting  |  Default
-------------------|-----------|-------------------------
threads             [       4 ] [  Varies ]
verbose             [     off ] [     off ]
log                 [      on ] [      on ]
developer           [       0 ] [       0 ]
chart               [     off ] [     off ]
estimate            [     off ] [     off ]
max texture memory  [ 33554432 ] [ 33554432 ]
max vis distance    [       0 ] [       0 ]
priority            [     Low ] [  Normal ]

fast vis            [     off ] [     off ]
full vis            [     off ] [     off ]


BasePortalVis:
 (0.01 seconds)
LeafThread:
 (0.00 seconds)
average leafs visible: 18
g_visdatasize:54  compressed from 54
0.02 seconds elapsed

-----   END   hlvis -----



hlrad v3.4 VL34 64-bit (Aug 17 2015)
Zoner's Half-Life Compilation Tools -- Custom Build
Based on code modifications by Sean 'Zoner' Cavanaugh
Based on Valve's version, modified with permission.
Submit detailed bug reports to (vluzacn@163.com)
-----  BEGIN  hlrad -----
Command line: F:\apps\jack\compiler\hlrad_x64.exe F:\games\STEAMLIBRARY\steamapps\common\Half-Life\fuckyou\maps\secondmap -chart -console 0 
Arguments: F:\games\STEAMLIBRARY\steamapps\common\Half-Life\fuckyou\maps\secondmap -chart -console 0 -low 

-= Current hlrad Settings =-
Name                | Setting             | Default
--------------------|---------------------|-------------------------
threads              [                 4 ] [            Varies ]
verbose              [               off ] [               off ]
log                  [                on ] [                on ]
developer            [                 0 ] [                 0 ]
chart                [                on ] [               off ]
estimate             [               off ] [               off ]
max texture memory   [          33554432 ] [          33554432 ]
max lighting memory  [          50331648 ] [          50331648 ]
priority             [               Low ] [            Normal ]

fast rad             [               off ] [               off ]
vismatrix algorithm  [            Sparse ] [            Sparse ]
oversampling (-extra)[               off ] [               off ]
bounces              [                 8 ] [                 8 ]
ambient light        [ 0.000 0.000 0.000 ] [ 0.000 0.000 0.000 ]
light limit threshold[           188.000 ] [           188.000 ]
circus mode          [               off ] [               off ]

smoothing threshold  [            50.000 ] [            50.000 ]
smoothing threshold 2[         no change ] [         no change ]
direct threshold     [            10.000 ] [            10.000 ]
direct light scale   [             1.000 ] [             1.000 ]
coring threshold     [             0.010 ] [             0.010 ]
patch interpolation  [                on ] [                on ]

texscale             [                on ] [                on ]
patch subdividing    [                on ] [                on ]
chop value           [            64.000 ] [            64.000 ]
texchop value        [            32.000 ] [            32.000 ]

global fade          [             1.000 ] [             1.000 ]
global texlight gap  [             0.000 ] [             0.000 ]
global light scale   [ 2.000 2.000 2.000 ] [ 2.000 2.000 2.000 ]
global gamma         [ 0.550 0.550 0.550 ] [ 0.550 0.550 0.550 ]
global light scale   [             2.000 ] [             2.000 ]
global sky diffusion [             1.000 ] [             1.000 ]

spread angles        [                on ] [                on ]
opaque entities      [                on ] [                on ]
sky lighting fix     [                on ] [                on ]
incremental          [               off ] [               off ]
dump                 [               off ] [               off ]

colour jitter        [       0.0 0.0 0.0 ] [       0.0 0.0 0.0 ]
monochromatic jitter [       0.0 0.0 0.0 ] [       0.0 0.0 0.0 ]

custom shadows with bounce light
                     [               off ] [               off ]
rgb transfers        [               off ] [               off ]
minimum final light  [                 0 ] [                 0 ]
size of transfer     [         1 (16bit) ] [         1 (16bit) ]
size of rgbtransfer  [         2 (32bit) ] [         2 (32bit) ]
soft sky             [                on ] [                on ]
translucent depth    [             2.000 ] [             2.000 ]
block opaque         [                on ] [                on ]
ignore textures      [               off ] [               off ]
reflectivity gamma   [             1.760 ] [             1.760 ]
reflectivity scale   [             0.700 ] [             0.700 ]
blur size            [             1.500 ] [             1.500 ]
no emitter range     [               off ] [               off ]
wall bleeding fix    [                on ] [                on ]


Load Textures:
12 textures referenced
Reading texlights from 'F:\apps\jack\compiler\lights.rad'
0 opaque models
0 opaque faces
140 faces
Create Patches : 518 base patches
7549 square feet [1087072.00 square inches]
2 direct lights and 0 fast direct lights
3 light styles

FindFacePositions:
 (0.15 seconds)
BuildFacelights:
 (0.29 seconds)
BuildVisLeafs:
 (0.04 seconds)
visibility matrix   :   0.1 megs
MakeScales:
 (0.31 seconds)
Transfer Lists :      149407 :   149.41k transfers
       Indices :       47068 :    45.96k bytes
          Data :      300344 :   293.30k bytes
Bounce 1 GatherLight:
 (0.01 seconds)
Bounce 2 GatherLight:
 (0.01 seconds)
Bounce 3 GatherLight:
 (0.01 seconds)
Bounce 4 GatherLight:
 (0.01 seconds)
Bounce 5 GatherLight:
 (0.01 seconds)
Bounce 6 GatherLight:
 (0.01 seconds)
Bounce 7 GatherLight:
 (0.01 seconds)
Bounce 8 GatherLight:
 (0.01 seconds)
CreateTriangulations:
 (0.01 seconds)
AddPatchLights:
 (0.39 seconds)
FinalLightFace:
 (0.01 seconds)

Object names  Objects/Maxobjs  Memory / Maxmem  Fullness
------------  ---------------  ---------------  --------
models              6/512          384/32768    ( 1.2%)
planes            145/32768       2900/655360   ( 0.4%)
vertexes          197/65535       2364/786420   ( 0.3%)
nodes              72/32767       1728/786408   ( 0.2%)
texinfos           39/32767       1560/1310680  ( 0.1%)
faces             140/65535       2800/1310700  ( 0.2%)
* worldfaces      116/32768          0/0        ( 0.4%)
clipnodes         224/32767       1792/262136   ( 0.7%)
leaves             49/32760       1372/917280   ( 0.1%)
* worldleaves      18/8192           0/0        ( 0.2%)
marksurfaces      157/65535        314/131070   ( 0.2%)
surfedges         654/512000      2616/2048000  ( 0.1%)
edges             328/256000      1312/1024000  ( 0.1%)
texdata          [variable]     146476/33554432 ( 0.4%)
lightdata        [variable]      38244/50331648 ( 0.1%)
visdata          [variable]         54/8388608  ( 0.0%)
entdata          [variable]       2666/2097152  ( 0.1%)
* AllocBlock        1/64             0/0        ( 1.6%)
12 textures referenced
=== Total BSP file data space used: 206582 bytes ===
Wad files required to run the map: (None)
1.82 seconds elapsed

-----   END   hlrad -----



